<?xml version="1.0" encoding="UTF-8"?>
<!-- Generated by org.testng.reporters.JUnitReportReporter -->
<testsuite skipped="0" hostname="DESKTOP-RBT73VK" name="qaabc.ApiTestingTest" tests="1" failures="0" timestamp="2020-04-26T16:33:11 IST" time="0.020" errors="0">
  <testcase name="hello" time="0.020" classname="qaabc.ApiTestingTest"/>
  <system-out/>
</testsuite> <!-- qaabc.ApiTestingTest -->
