<?xml version="1.0" encoding="UTF-8"?>
<!-- Generated by org.testng.reporters.JUnitReportReporter -->
<testsuite skipped="0" hostname="DESKTOP-RBT73VK" name="qaabc.TestAutomationTest" tests="1" failures="0" timestamp="2020-04-26T16:33:11 IST" time="0.000" errors="0">
  <testcase name="a" time="0.000" classname="qaabc.TestAutomationTest"/>
  <system-out/>
</testsuite> <!-- qaabc.TestAutomationTest -->
