<?xml version="1.0" encoding="UTF-8"?>
<!-- Generated by org.testng.reporters.JUnitReportReporter -->
<testsuite skipped="0" hostname="DESKTOP-RBT73VK" name="qaabc.ManualTestingTest" tests="1" failures="0" timestamp="2020-04-26T16:45:01 IST" time="0.000" errors="0">
  <testcase name="c" time="0.000" classname="qaabc.ManualTestingTest"/>
  <system-out/>
</testsuite> <!-- qaabc.ManualTestingTest -->
