<?xml version="1.0" encoding="UTF-8"?>
<!-- Generated by org.testng.reporters.JUnitReportReporter -->
<testsuite skipped="0" hostname="DESKTOP-RBT73VK" name="qaabc.test" tests="1" failures="0" timestamp="2020-04-26T16:01:48 IST" time="0.004" errors="0">
  <testcase name="hello" time="0.004" classname="qaabc.test"/>
  <system-out/>
</testsuite> <!-- qaabc.test -->
