<?xml version="1.0" encoding="UTF-8"?>
<!-- Generated by org.testng.reporters.JUnitReportReporter -->
<testsuite skipped="0" hostname="DESKTOP-RBT73VK" name="qaabc.AppTest" tests="1" failures="0" timestamp="2020-04-26T15:46:31 IST" time="0.008" errors="0">
  <testcase name="testApp" time="0.008" classname="qaabc.AppTest"/>
  <system-out/>
</testsuite> <!-- qaabc.AppTest -->
